# JRE version: Java(TM) SE Runtime Environment (8.0_351-b10) (build 1.8.0_351-b10)
# Java VM: Java HotSpot(TM) 64-Bit Server VM (25.351-b10 mixed mode windows-amd64 compressed oops)
Heap:
 PSYoungGen      total 432640K, used 150193K [0x00000000d6300000, 0x00000000f3980000, 0x0000000100000000)
  eden space 393728K, 38% used [0x00000000d6300000,0x00000000df5ac7e8,0x00000000ee380000)
  from space 38912K, 0% used [0x00000000f1380000,0x00000000f1380000,0x00000000f3980000)
  to   space 44032K, 0% used [0x00000000ee380000,0x00000000ee380000,0x00000000f0e80000)
 ParOldGen       total 107008K, used 24926K [0x0000000082800000, 0x0000000089080000, 0x00000000d6300000)
  object space 107008K, 23% used [0x0000000082800000,0x0000000084057a20,0x0000000089080000)
 Metaspace       used 17695K, capacity 18274K, committed 18432K, reserved 1064960K
  class space    used 2277K, capacity 2436K, committed 2560K, reserved 1048576K
GC Heap History (10 events):
Event: 14.732 GC heap before
{Heap before GC invocations=10 (full 1):
 PSYoungGen      total 244736K, used 230191K [0x00000000d6300000, 0x00000000e7f00000, 0x0000000100000000)
  eden space 206336K, 98% used [0x00000000d6300000,0x00000000e2972448,0x00000000e2c80000)
  from space 38400K, 70% used [0x00000000e5500000,0x00000000e6f59b98,0x00000000e7a80000)
  to   space 41472K, 0% used [0x00000000e2c80000,0x00000000e2c80000,0x00000000e5500000)
 ParOldGen       total 116224K, used 76566K [0x0000000082800000, 0x0000000089980000, 0x00000000d6300000)
  object space 116224K, 65% used [0x0000000082800000,0x00000000872c5a18,0x0000000089980000)
 Metaspace       used 17409K, capacity 17964K, committed 18048K, reserved 1064960K
  class space    used 2270K, capacity 2401K, committed 2432K, reserved 1048576K
Event: 14.739 GC heap after
Heap after GC invocations=10 (full 1):
 PSYoungGen      total 247808K, used 16747K [0x00000000d6300000, 0x00000000ed280000, 0x0000000100000000)
  eden space 206336K, 0% used [0x00000000d6300000,0x00000000d6300000,0x00000000e2c80000)
  from space 41472K, 40% used [0x00000000e2c80000,0x00000000e3cdae30,0x00000000e5500000)
  to   space 39424K, 0% used [0x00000000eac00000,0x00000000eac00000,0x00000000ed280000)
 ParOldGen       total 116224K, used 76590K [0x0000000082800000, 0x0000000089980000, 0x00000000d6300000)
  object space 116224K, 65% used [0x0000000082800000,0x00000000872cba18,0x0000000089980000)
 Metaspace       used 17409K, capacity 17964K, committed 18048K, reserved 1064960K
  class space    used 2270K, capacity 2401K, committed 2432K, reserved 1048576K
}
Event: 18.966 GC heap before
{Heap before GC invocations=11 (full 1):
 PSYoungGen      total 247808K, used 223076K [0x00000000d6300000, 0x00000000ed280000, 0x0000000100000000)
  eden space 206336K, 99% used [0x00000000d6300000,0x00000000e2c7e568,0x00000000e2c80000)
  from space 41472K, 40% used [0x00000000e2c80000,0x00000000e3cdae30,0x00000000e5500000)
  to   space 39424K, 0% used [0x00000000eac00000,0x00000000eac00000,0x00000000ed280000)
 ParOldGen       total 116224K, used 76590K [0x0000000082800000, 0x0000000089980000, 0x00000000d6300000)
  object space 116224K, 65% used [0x0000000082800000,0x00000000872cba18,0x0000000089980000)
 Metaspace       used 17465K, capacity 17964K, committed 18048K, reserved 1064960K
  class space    used 2270K, capacity 2401K, committed 2432K, reserved 1048576K
Event: 18.976 GC heap after
Heap after GC invocations=11 (full 1):
 PSYoungGen      total 330752K, used 31375K [0x00000000d6300000, 0x00000000ed480000, 0x0000000100000000)
  eden space 291328K, 0% used [0x00000000d6300000,0x00000000d6300000,0x00000000e7f80000)
  from space 39424K, 79% used [0x00000000eac00000,0x00000000ecaa3c90,0x00000000ed280000)
  to   space 43520K, 0% used [0x00000000e7f80000,0x00000000e7f80000,0x00000000eaa00000)
 ParOldGen       total 116224K, used 76835K [0x0000000082800000, 0x0000000089980000, 0x00000000d6300000)
  object space 116224K, 66% used [0x0000000082800000,0x0000000087308cf8,0x0000000089980000)
 Metaspace       used 17465K, capacity 17964K, committed 18048K, reserved 1064960K
  class space    used 2270K, capacity 2401K, committed 2432K, reserved 1048576K
}
Event: 23.473 GC heap before
{Heap before GC invocations=12 (full 1):
 PSYoungGen      total 330752K, used 319760K [0x00000000d6300000, 0x00000000ed480000, 0x0000000100000000)
  eden space 291328K, 98% used [0x00000000d6300000,0x00000000e7ca05e8,0x00000000e7f80000)
  from space 39424K, 79% used [0x00000000eac00000,0x00000000ecaa3c90,0x00000000ed280000)
  to   space 43520K, 0% used [0x00000000e7f80000,0x00000000e7f80000,0x00000000eaa00000)
 ParOldGen       total 116224K, used 76835K [0x0000000082800000, 0x0000000089980000, 0x00000000d6300000)
  object space 116224K, 66% used [0x0000000082800000,0x0000000087308cf8,0x0000000089980000)
 Metaspace       used 17550K, capacity 18124K, committed 18432K, reserved 1064960K
  class space    used 2272K, capacity 2433K, committed 2560K, reserved 1048576K
Event: 23.480 GC heap after
Heap after GC invocations=12 (full 1):
 PSYoungGen      total 334848K, used 16542K [0x00000000d6300000, 0x00000000f3b80000, 0x0000000100000000)
  eden space 291328K, 0% used [0x00000000d6300000,0x00000000d6300000,0x00000000e7f80000)
  from space 43520K, 38% used [0x00000000e7f80000,0x00000000e8fa7b50,0x00000000eaa00000)
  to   space 40960K, 0% used [0x00000000f1380000,0x00000000f1380000,0x00000000f3b80000)
 ParOldGen       total 116224K, used 81394K [0x0000000082800000, 0x0000000089980000, 0x00000000d6300000)
  object space 116224K, 70% used [0x0000000082800000,0x000000008777cb00,0x0000000089980000)
 Metaspace       used 17550K, capacity 18124K, committed 18432K, reserved 1064960K
  class space    used 2272K, capacity 2433K, committed 2560K, reserved 1048576K
}
Event: 28.044 GC heap before
{Heap before GC invocations=13 (full 1):
 PSYoungGen      total 334848K, used 304864K [0x00000000d6300000, 0x00000000f3b80000, 0x0000000100000000)
  eden space 291328K, 98% used [0x00000000d6300000,0x00000000e7c90790,0x00000000e7f80000)
  from space 43520K, 38% used [0x00000000e7f80000,0x00000000e8fa7b50,0x00000000eaa00000)
  to   space 40960K, 0% used [0x00000000f1380000,0x00000000f1380000,0x00000000f3b80000)
 ParOldGen       total 116224K, used 81394K [0x0000000082800000, 0x0000000089980000, 0x00000000d6300000)
  object space 116224K, 70% used [0x0000000082800000,0x000000008777cb00,0x0000000089980000)
 Metaspace       used 17593K, capacity 18128K, committed 18432K, reserved 1064960K
  class space    used 2272K, capacity 2433K, committed 2560K, reserved 1048576K
Event: 28.056 GC heap after
Heap after GC invocations=13 (full 1):
 PSYoungGen      total 432640K, used 30942K [0x00000000d6300000, 0x00000000f3980000, 0x0000000100000000)
  eden space 393728K, 0% used [0x00000000d6300000,0x00000000d6300000,0x00000000ee380000)
  from space 38912K, 79% used [0x00000000f1380000,0x00000000f31b7b90,0x00000000f3980000)
  to   space 44032K, 0% used [0x00000000ee380000,0x00000000ee380000,0x00000000f0e80000)
 ParOldGen       total 116224K, used 85749K [0x0000000082800000, 0x0000000089980000, 0x00000000d6300000)
  object space 116224K, 73% used [0x0000000082800000,0x0000000087bbd628,0x0000000089980000)
 Metaspace       used 17593K, capacity 18128K, committed 18432K, reserved 1064960K
  class space    used 2272K, capacity 2433K, committed 2560K, reserved 1048576K
}
Event: 28.056 GC heap before
{Heap before GC invocations=14 (full 2):
 PSYoungGen      total 432640K, used 30942K [0x00000000d6300000, 0x00000000f3980000, 0x0000000100000000)
  eden space 393728K, 0% used [0x00000000d6300000,0x00000000d6300000,0x00000000ee380000)
  from space 38912K, 79% used [0x00000000f1380000,0x00000000f31b7b90,0x00000000f3980000)
  to   space 44032K, 0% used [0x00000000ee380000,0x00000000ee380000,0x00000000f0e80000)
 ParOldGen       total 116224K, used 85749K [0x0000000082800000, 0x0000000089980000, 0x00000000d6300000)
  object space 116224K, 73% used [0x0000000082800000,0x0000000087bbd628,0x0000000089980000)
 Metaspace       used 17593K, capacity 18128K, committed 18432K, reserved 1064960K
  class space    used 2272K, capacity 2433K, committed 2560K, reserved 1048576K
Event: 28.088 GC heap after
Heap after GC invocations=14 (full 2):
 PSYoungGen      total 432640K, used 0K [0x00000000d6300000, 0x00000000f3980000, 0x0000000100000000)
  eden space 393728K, 0% used [0x00000000d6300000,0x00000000d6300000,0x00000000ee380000)
  from space 38912K, 0% used [0x00000000f1380000,0x00000000f1380000,0x00000000f3980000)
  to   space 44032K, 0% used [0x00000000ee380000,0x00000000ee380000,0x00000000f0e80000)
 ParOldGen       total 107008K, used 24926K [0x0000000082800000, 0x0000000089080000, 0x00000000d6300000)
  object space 107008K, 23% used [0x0000000082800000,0x0000000084057a20,0x0000000089080000)
 Metaspace       used 17593K, capacity 18128K, committed 18432K, reserved 1064960K
  class space    used 2272K, capacity 2433K, committed 2560K, reserved 1048576K
}

